26/06/2020 09:13:35 ------> sysbmfx.SYSBMFX ------- Aplicativo Iniciado!
26/06/2020 09:13:44 ------> sysbmfx.TelaLogin ------- Clicado no botão login
26/06/2020 09:13:44 ------> sysbmfx.TelaLogin ------- Usuario invalido!
26/06/2020 09:13:51 ------> sysbmfx.TelaLogin ------- Clicado no botão login
26/06/2020 09:13:51 ------> sysbmfx.TelaLogin ------- Login com sucesso!
26/06/2020 09:13:52 ------> sysbmfx.MenuController ------- Clicado no botão cadastrar RGO!
26/06/2020 10:50:11 ------> sysbmfx.SYSBMFX ------- Aplicativo Iniciado!
26/06/2020 10:50:16 ------> sysbmfx.TelaLogin ------- Clicado no botão login
26/06/2020 10:50:16 ------> sysbmfx.TelaLogin ------- Login com sucesso!
26/06/2020 10:50:17 ------> sysbmfx.MenuController ------- Clicado no botão cadastrar RGO!
26/06/2020 10:50:42 ------> sysbmfx.MenuController ------- Clicado no botão cadastrar RGO!
26/06/2020 10:51:54 ------> sysbmfx.SYSBMFX ------- Aplicativo Iniciado!
26/06/2020 10:54:20 ------> sysbmfx.SYSBMFX ------- Aplicativo Iniciado!
26/06/2020 10:54:28 ------> sysbmfx.TelaLogin ------- Clicado no botão login
26/06/2020 10:54:29 ------> sysbmfx.TelaLogin ------- Login com sucesso!
26/06/2020 10:54:30 ------> sysbmfx.MenuController ------- Clicado no botão cadastrar RGO!
26/06/2020 10:55:08 ------> sysbmfx.MenuController ------- Clicado no botão cadastrar RGO!
26/06/2020 11:06:24 ------> sysbmfx.SYSBMFX ------- Aplicativo Iniciado!
26/06/2020 11:06:32 ------> sysbmfx.TelaLogin ------- Clicado no botão login
26/06/2020 11:06:33 ------> sysbmfx.TelaLogin ------- Login com sucesso!
26/06/2020 11:06:35 ------> sysbmfx.MenuController ------- Clicado no botão cadastrar RGO!
26/06/2020 11:07:44 ------> sysbmfx.SYSBMFX ------- Aplicativo Iniciado!
26/06/2020 11:07:58 ------> sysbmfx.TelaLogin ------- Clicado no botão login
26/06/2020 11:07:58 ------> sysbmfx.TelaLogin ------- Login com sucesso!
26/06/2020 11:07:59 ------> sysbmfx.MenuController ------- Clicado no botão cadastrar RGO!
26/06/2020 11:08:20 ------> sysbmfx.SYSBMFX ------- Aplicativo Iniciado!
26/06/2020 11:08:26 ------> sysbmfx.TelaLogin ------- Clicado no botão login
26/06/2020 11:08:26 ------> sysbmfx.TelaLogin ------- Login com sucesso!
26/06/2020 11:08:27 ------> sysbmfx.MenuController ------- Clicado no botão cadastrar RGO!
26/06/2020 11:10:11 ------> sysbmfx.SYSBMFX ------- Aplicativo Iniciado!
26/06/2020 11:10:13 ------> sysbmfx.TelaLogin ------- Clicado no botão login
26/06/2020 11:10:14 ------> sysbmfx.TelaLogin ------- Usuario invalido!
26/06/2020 11:10:18 ------> sysbmfx.TelaLogin ------- Clicado no botão login
26/06/2020 11:10:18 ------> sysbmfx.TelaLogin ------- Login com sucesso!
26/06/2020 11:10:21 ------> sysbmfx.MenuController ------- Clicado no botão cadastrar RGO!
26/06/2020 11:14:35 ------> sysbmfx.SYSBMFX ------- Aplicativo Iniciado!
26/06/2020 11:14:41 ------> sysbmfx.TelaLogin ------- Clicado no botão login
26/06/2020 11:14:41 ------> sysbmfx.TelaLogin ------- Login com sucesso!
26/06/2020 11:14:42 ------> sysbmfx.MenuController ------- Clicado no botão cadastrar RGO!
26/06/2020 11:16:25 ------> sysbmfx.SYSBMFX ------- Aplicativo Iniciado!
26/06/2020 11:16:54 ------> sysbmfx.TelaLogin ------- Clicado no botão login
26/06/2020 11:16:54 ------> sysbmfx.TelaLogin ------- Login com sucesso!
26/06/2020 11:16:55 ------> sysbmfx.MenuController ------- Clicado no botão cadastrar RGO!
26/06/2020 11:17:59 ------> sysbmfx.SYSBMFX ------- Aplicativo Iniciado!
26/06/2020 11:18:24 ------> sysbmfx.TelaLogin ------- Clicado no botão login
26/06/2020 11:18:24 ------> sysbmfx.TelaLogin ------- Login com sucesso!
26/06/2020 11:18:26 ------> sysbmfx.MenuController ------- Clicado no botão cadastrar RGO!
26/06/2020 11:21:32 ------> sysbmfx.SYSBMFX ------- Aplicativo Iniciado!
26/06/2020 11:21:38 ------> sysbmfx.TelaLogin ------- Clicado no botão login
26/06/2020 11:21:38 ------> sysbmfx.TelaLogin ------- Login com sucesso!
26/06/2020 11:21:40 ------> sysbmfx.MenuController ------- Clicado no botão cadastrar RGO!
26/06/2020 13:40:04 ------> sysbmfx.SYSBMFX ------- Aplicativo Iniciado!
26/06/2020 13:40:16 ------> sysbmfx.TelaLogin ------- Clicado no botão login
26/06/2020 13:40:16 ------> sysbmfx.TelaLogin ------- Login com sucesso!
26/06/2020 13:40:22 ------> sysbmfx.MenuController ------- Clicado no botão cadastrar RGO!
26/06/2020 13:40:51 ------> sysbmfx.SYSBMFX ------- Aplicativo Iniciado!
26/06/2020 13:41:13 ------> sysbmfx.TelaLogin ------- Clicado no botão login
26/06/2020 13:41:13 ------> sysbmfx.TelaLogin ------- Login com sucesso!
26/06/2020 13:41:15 ------> sysbmfx.MenuController ------- Clicado no botão cadastrar RGO!
26/06/2020 13:42:55 ------> sysbmfx.SYSBMFX ------- Aplicativo Iniciado!
26/06/2020 13:43:03 ------> sysbmfx.TelaLogin ------- Clicado no botão login
26/06/2020 13:43:03 ------> sysbmfx.TelaLogin ------- Login com sucesso!
26/06/2020 13:43:04 ------> sysbmfx.MenuController ------- Clicado no botão cadastrar RGO!
26/06/2020 13:44:24 ------> sysbmfx.SYSBMFX ------- Aplicativo Iniciado!
26/06/2020 13:44:31 ------> sysbmfx.TelaLogin ------- Clicado no botão login
26/06/2020 13:44:31 ------> sysbmfx.TelaLogin ------- Login com sucesso!
26/06/2020 13:44:33 ------> sysbmfx.MenuController ------- Clicado no botão cadastrar RGO!
26/06/2020 13:45:37 ------> sysbmfx.SYSBMFX ------- Aplicativo Iniciado!
26/06/2020 13:45:43 ------> sysbmfx.TelaLogin ------- Clicado no botão login
26/06/2020 13:45:44 ------> sysbmfx.TelaLogin ------- Login com sucesso!
26/06/2020 13:45:45 ------> sysbmfx.MenuController ------- Clicado no botão cadastrar RGO!
26/06/2020 13:50:32 ------> sysbmfx.SYSBMFX ------- Aplicativo Iniciado!
26/06/2020 13:50:38 ------> sysbmfx.TelaLogin ------- Clicado no botão login
26/06/2020 13:50:38 ------> sysbmfx.TelaLogin ------- Usuario invalido!
26/06/2020 13:50:43 ------> sysbmfx.TelaLogin ------- Clicado no botão login
26/06/2020 13:50:43 ------> sysbmfx.TelaLogin ------- Login com sucesso!
26/06/2020 13:50:45 ------> sysbmfx.MenuController ------- Clicado no botão cadastrar RGO!
26/06/2020 13:53:48 ------> sysbmfx.MenuController ------- Clicado no botão cadastrar RGO!
26/06/2020 13:54:06 ------> sysbmfx.MenuController ------- Clicado no botão cadastrar RGO!
26/06/2020 13:54:11 ------> sysbmfx.MenuController ------- Clicado no botão cadastrar RGO!
26/06/2020 13:54:13 ------> sysbmfx.MenuController ------- Clicado no botão despacho!
26/06/2020 13:54:13 ------> sysbmfx.DashboardDespachoController$3 ------- Atualizando aba a despachar
26/06/2020 13:54:13 ------> sysbmfx.DashboardDespachoController$3 ------- Aba a despachar atualizada
26/06/2020 13:54:13 ------> sysbmfx.DashboardDespachoController$3 ------- Atualizando aba despachadas
26/06/2020 13:54:18 ------> sysbmfx.DashboardDespachoController$3 ------- Aba despachadas atualizadas
26/06/2020 13:54:19 ------> sysbmfx.DashboardDespachoController$2 ------- tela da ocorrência aberta com o id do rgo: 432834
26/06/2020 13:54:23 ------> sysbmfx.MenuController ------- Clicado no botão despacho!
26/06/2020 13:54:23 ------> sysbmfx.DashboardDespachoController$3 ------- Atualizando aba a despachar
26/06/2020 13:54:23 ------> sysbmfx.DashboardDespachoController$3 ------- Aba a despachar atualizada
26/06/2020 13:54:23 ------> sysbmfx.DashboardDespachoController$3 ------- Atualizando aba despachadas
26/06/2020 13:54:27 ------> sysbmfx.DashboardDespachoController$3 ------- Aba despachadas atualizadas
26/06/2020 13:54:28 ------> sysbmfx.DashboardDespachoController$3 ------- Atualizando aba a despachar
26/06/2020 13:54:28 ------> sysbmfx.DashboardDespachoController$3 ------- Aba a despachar atualizada
26/06/2020 13:54:28 ------> sysbmfx.DashboardDespachoController$3 ------- Atualizando aba despachadas
26/06/2020 13:54:33 ------> sysbmfx.DashboardDespachoController$3 ------- Aba despachadas atualizadas
26/06/2020 13:54:36 ------> sysbmfx.MenuController ------- Clicado no botão despacho!
26/06/2020 13:54:36 ------> sysbmfx.DashboardDespachoController$3 ------- Atualizando aba a despachar
26/06/2020 13:54:36 ------> sysbmfx.DashboardDespachoController$3 ------- Aba a despachar atualizada
26/06/2020 13:54:36 ------> sysbmfx.DashboardDespachoController$3 ------- Atualizando aba despachadas
26/06/2020 13:54:38 ------> sysbmfx.DashboardDespachoController$3 ------- Atualizando aba a despachar
26/06/2020 13:54:39 ------> sysbmfx.DashboardDespachoController$3 ------- Aba a despachar atualizada
26/06/2020 13:54:39 ------> sysbmfx.DashboardDespachoController$3 ------- Aba despachadas atualizadas
26/06/2020 13:54:39 ------> sysbmfx.DashboardDespachoController$3 ------- Atualizando aba despachadas
26/06/2020 13:54:43 ------> sysbmfx.DashboardDespachoController$3 ------- Aba despachadas atualizadas
26/06/2020 13:54:43 ------> sysbmfx.DashboardDespachoController$3 ------- Atualizando aba a despachar
26/06/2020 13:54:43 ------> sysbmfx.DashboardDespachoController$3 ------- Aba a despachar atualizada
26/06/2020 13:54:43 ------> sysbmfx.DashboardDespachoController$3 ------- Atualizando aba despachadas
26/06/2020 13:54:47 ------> sysbmfx.DashboardDespachoController$3 ------- Aba despachadas atualizadas
26/06/2020 13:54:51 ------> sysbmfx.DashboardDespachoController$3 ------- Atualizando aba a despachar
26/06/2020 13:54:51 ------> sysbmfx.DashboardDespachoController$3 ------- Aba a despachar atualizada
26/06/2020 13:54:51 ------> sysbmfx.DashboardDespachoController$3 ------- Atualizando aba despachadas
26/06/2020 13:54:53 ------> sysbmfx.DashboardDespachoController$3 ------- Atualizando aba a despachar
26/06/2020 13:54:54 ------> sysbmfx.DashboardDespachoController$3 ------- Aba a despachar atualizada
26/06/2020 13:54:54 ------> sysbmfx.DashboardDespachoController$3 ------- Aba despachadas atualizadas
26/06/2020 13:54:54 ------> sysbmfx.DashboardDespachoController$3 ------- Atualizando aba despachadas
26/06/2020 13:54:57 ------> sysbmfx.DashboardDespachoController$3 ------- Aba despachadas atualizadas
26/06/2020 13:54:58 ------> sysbmfx.DashboardDespachoController$3 ------- Atualizando aba a despachar
26/06/2020 13:54:58 ------> sysbmfx.DashboardDespachoController$3 ------- Aba a despachar atualizada
26/06/2020 13:54:58 ------> sysbmfx.DashboardDespachoController$3 ------- Atualizando aba despachadas
26/06/2020 13:55:02 ------> sysbmfx.DashboardDespachoController$3 ------- Aba despachadas atualizadas
26/06/2020 13:55:06 ------> sysbmfx.DashboardDespachoController$3 ------- Atualizando aba a despachar
26/06/2020 13:55:06 ------> sysbmfx.DashboardDespachoController$3 ------- Aba a despachar atualizada
26/06/2020 13:55:06 ------> sysbmfx.DashboardDespachoController$3 ------- Atualizando aba despachadas
26/06/2020 13:55:08 ------> sysbmfx.DashboardDespachoController$3 ------- Atualizando aba a despachar
26/06/2020 13:55:09 ------> sysbmfx.DashboardDespachoController$3 ------- Aba a despachar atualizada
26/06/2020 13:55:09 ------> sysbmfx.DashboardDespachoController$3 ------- Aba despachadas atualizadas
26/06/2020 13:55:09 ------> sysbmfx.DashboardDespachoController$3 ------- Atualizando aba despachadas
26/06/2020 13:55:11 ------> sysbmfx.DashboardDespachoController$2 ------- tela da ocorrência aberta com o id do rgo: 432834
26/06/2020 13:55:12 ------> sysbmfx.DashboardDespachoController$3 ------- Aba despachadas atualizadas
26/06/2020 13:55:13 ------> sysbmfx.DashboardDespachoController$3 ------- Atualizando aba a despachar
26/06/2020 13:55:13 ------> sysbmfx.DashboardDespachoController$3 ------- Aba a despachar atualizada
26/06/2020 13:55:13 ------> sysbmfx.DashboardDespachoController$3 ------- Atualizando aba despachadas
26/06/2020 13:55:17 ------> sysbmfx.DashboardDespachoController$3 ------- Aba despachadas atualizadas
26/06/2020 14:02:34 ------> sysbmfx.SYSBMFX ------- Aplicativo Iniciado!
26/06/2020 14:02:37 ------> sysbmfx.SYSBMFX ------- Aplicativo Iniciado!
26/06/2020 14:02:39 ------> sysbmfx.TelaLogin ------- Clicado no botão login
26/06/2020 14:02:40 ------> sysbmfx.TelaLogin ------- Login com sucesso!
26/06/2020 14:02:41 ------> sysbmfx.MenuController ------- Clicado no botão cadastrar RGO!
26/06/2020 14:02:44 ------> sysbmfx.TelaLogin ------- Clicado no botão login
26/06/2020 14:02:44 ------> sysbmfx.TelaLogin ------- Login com sucesso!
26/06/2020 14:02:50 ------> sysbmfx.MenuController ------- Clicado no botão despacho!
26/06/2020 14:02:50 ------> sysbmfx.DashboardDespachoController$3 ------- Atualizando aba a despachar
26/06/2020 14:02:50 ------> sysbmfx.DashboardDespachoController$3 ------- Aba a despachar atualizada
26/06/2020 14:02:50 ------> sysbmfx.DashboardDespachoController$3 ------- Atualizando aba despachadas
26/06/2020 14:02:54 ------> sysbmfx.DashboardDespachoController$3 ------- Aba despachadas atualizadas
26/06/2020 14:03:05 ------> sysbmfx.DashboardDespachoController$3 ------- Atualizando aba a despachar
26/06/2020 14:03:05 ------> sysbmfx.DashboardDespachoController$3 ------- Aba a despachar atualizada
26/06/2020 14:03:05 ------> sysbmfx.DashboardDespachoController$3 ------- Atualizando aba despachadas
26/06/2020 14:03:08 ------> sysbmfx.DashboardDespachoController$3 ------- Aba despachadas atualizadas
26/06/2020 14:03:35 ------> sysbmfx.SYSBMFX ------- Aplicativo Iniciado!
26/06/2020 14:03:41 ------> sysbmfx.TelaLogin ------- Clicado no botão login
26/06/2020 14:03:41 ------> sysbmfx.TelaLogin ------- Login com sucesso!
26/06/2020 14:03:42 ------> sysbmfx.MenuController ------- Clicado no botão cadastrar RGO!
26/06/2020 14:07:18 ------> sysbmfx.SYSBMFX ------- Aplicativo Iniciado!
26/06/2020 14:07:23 ------> sysbmfx.TelaLogin ------- Clicado no botão login
26/06/2020 14:07:24 ------> sysbmfx.TelaLogin ------- Login com sucesso!
26/06/2020 14:07:25 ------> sysbmfx.MenuController ------- Clicado no botão cadastrar RGO!
26/06/2020 14:07:49 ------> sysbmfx.SYSBMFX ------- Aplicativo Iniciado!
26/06/2020 14:07:53 ------> sysbmfx.TelaLogin ------- Clicado no botão login
26/06/2020 14:07:54 ------> sysbmfx.TelaLogin ------- Login com sucesso!
26/06/2020 14:07:55 ------> sysbmfx.MenuController ------- Clicado no botão cadastrar RGO!
26/06/2020 14:08:22 ------> sysbmfx.SYSBMFX ------- Aplicativo Iniciado!
26/06/2020 14:08:27 ------> sysbmfx.TelaLogin ------- Clicado no botão login
26/06/2020 14:08:28 ------> sysbmfx.TelaLogin ------- Login com sucesso!
26/06/2020 14:08:29 ------> sysbmfx.MenuController ------- Clicado no botão cadastrar RGO!
26/06/2020 14:08:42 ------> sysbmfx.SYSBMFX ------- Aplicativo Iniciado!
26/06/2020 14:08:47 ------> sysbmfx.TelaLogin ------- Clicado no botão login
26/06/2020 14:08:47 ------> sysbmfx.TelaLogin ------- Login com sucesso!
26/06/2020 14:08:49 ------> sysbmfx.MenuController ------- Clicado no botão cadastrar RGO!
26/06/2020 14:12:26 ------> sysbmfx.SYSBMFX ------- Aplicativo Iniciado!
26/06/2020 14:12:31 ------> sysbmfx.TelaLogin ------- Clicado no botão login
26/06/2020 14:12:32 ------> sysbmfx.TelaLogin ------- Login com sucesso!
26/06/2020 14:12:33 ------> sysbmfx.MenuController ------- Clicado no botão cadastrar RGO!
26/06/2020 14:12:42 ------> sysbmfx.SYSBMFX ------- Aplicativo Iniciado!
26/06/2020 14:12:50 ------> sysbmfx.TelaLogin ------- Clicado no botão login
26/06/2020 14:12:50 ------> sysbmfx.TelaLogin ------- Login com sucesso!
26/06/2020 14:12:52 ------> sysbmfx.MenuController ------- Clicado no botão cadastrar RGO!
26/06/2020 14:14:07 ------> sysbmfx.SYSBMFX ------- Aplicativo Iniciado!
26/06/2020 14:14:13 ------> sysbmfx.TelaLogin ------- Clicado no botão login
26/06/2020 14:14:13 ------> sysbmfx.TelaLogin ------- Login com sucesso!
26/06/2020 14:14:15 ------> sysbmfx.MenuController ------- Clicado no botão cadastrar RGO!
26/06/2020 14:14:50 ------> sysbmfx.SYSBMFX ------- Aplicativo Iniciado!
26/06/2020 14:14:55 ------> sysbmfx.TelaLogin ------- Clicado no botão login
26/06/2020 14:14:56 ------> sysbmfx.TelaLogin ------- Login com sucesso!
26/06/2020 14:14:57 ------> sysbmfx.MenuController ------- Clicado no botão cadastrar RGO!
26/06/2020 14:15:15 ------> sysbmfx.SYSBMFX ------- Aplicativo Iniciado!
26/06/2020 14:15:20 ------> sysbmfx.TelaLogin ------- Clicado no botão login
26/06/2020 14:15:20 ------> sysbmfx.TelaLogin ------- Login com sucesso!
26/06/2020 14:15:21 ------> sysbmfx.MenuController ------- Clicado no botão cadastrar RGO!
26/06/2020 14:16:33 ------> sysbmfx.SYSBMFX ------- Aplicativo Iniciado!
26/06/2020 14:16:40 ------> sysbmfx.TelaLogin ------- Clicado no botão login
26/06/2020 14:16:40 ------> sysbmfx.TelaLogin ------- Login com sucesso!
26/06/2020 14:16:43 ------> sysbmfx.MenuController ------- Clicado no botão cadastrar RGO!
26/06/2020 14:23:12 ------> sysbmfx.SYSBMFX ------- Aplicativo Iniciado!
26/06/2020 14:23:16 ------> sysbmfx.TelaLogin ------- Clicado no botão login
26/06/2020 14:23:17 ------> sysbmfx.TelaLogin ------- Login com sucesso!
26/06/2020 14:23:18 ------> sysbmfx.MenuController ------- Clicado no botão cadastrar RGO!
26/06/2020 14:23:46 ------> sysbmfx.SYSBMFX ------- Aplicativo Iniciado!
26/06/2020 14:23:53 ------> sysbmfx.TelaLogin ------- Clicado no botão login
26/06/2020 14:23:54 ------> sysbmfx.TelaLogin ------- Login com sucesso!
26/06/2020 14:23:55 ------> sysbmfx.MenuController ------- Clicado no botão cadastrar RGO!
26/06/2020 15:01:55 ------> sysbmfx.SYSBMFX ------- Aplicativo Iniciado!
26/06/2020 15:02:01 ------> sysbmfx.TelaLogin ------- Clicado no botão login
26/06/2020 15:02:01 ------> sysbmfx.TelaLogin ------- Login com sucesso!
26/06/2020 15:02:02 ------> sysbmfx.MenuController ------- Clicado no botão cadastrar RGO!
26/06/2020 15:07:15 ------> sysbmfx.MenuController ------- Clicado no botão cadastrar RGO!
26/06/2020 15:34:58 ------> sysbmfx.SYSBMFX ------- Aplicativo Iniciado!
26/06/2020 15:35:09 ------> sysbmfx.TelaLogin ------- Clicado no botão login
26/06/2020 15:35:09 ------> sysbmfx.TelaLogin ------- Login com sucesso!
26/06/2020 15:35:11 ------> sysbmfx.MenuController ------- Clicado no botão buscar ocorrencia!
26/06/2020 15:35:43 ------> sysbmfx.SYSBMFX ------- Aplicativo Iniciado!
26/06/2020 15:35:49 ------> sysbmfx.TelaLogin ------- Clicado no botão login
26/06/2020 15:35:49 ------> sysbmfx.TelaLogin ------- Login com sucesso!
26/06/2020 15:35:51 ------> sysbmfx.MenuController ------- Clicado no botão buscar ocorrencia!
26/06/2020 15:36:45 ------> sysbmfx.SYSBMFX ------- Aplicativo Iniciado!
26/06/2020 15:36:51 ------> sysbmfx.TelaLogin ------- Clicado no botão login
26/06/2020 15:36:51 ------> sysbmfx.TelaLogin ------- Login com sucesso!
26/06/2020 15:36:56 ------> sysbmfx.MenuController ------- Clicado no botão buscar ocorrencia!
26/06/2020 15:37:46 ------> sysbmfx.SYSBMFX ------- Aplicativo Iniciado!
26/06/2020 15:37:55 ------> sysbmfx.TelaLogin ------- Clicado no botão login
26/06/2020 15:37:55 ------> sysbmfx.TelaLogin ------- Login com sucesso!
26/06/2020 15:37:57 ------> sysbmfx.MenuController ------- Clicado no botão buscar ocorrencia!
26/06/2020 15:38:51 ------> sysbmfx.MenuController ------- Clicado no botão cadastrar RGO!
26/06/2020 15:39:27 ------> sysbmfx.SYSBMFX ------- Aplicativo Iniciado!
26/06/2020 15:39:32 ------> sysbmfx.TelaLogin ------- Clicado no botão login
26/06/2020 15:39:33 ------> sysbmfx.TelaLogin ------- Login com sucesso!
26/06/2020 15:39:34 ------> sysbmfx.MenuController ------- Clicado no botão buscar ocorrencia!
26/06/2020 15:39:46 ------> sysbmfx.SYSBMFX ------- Aplicativo Iniciado!
26/06/2020 15:39:56 ------> sysbmfx.TelaLogin ------- Clicado no botão login
26/06/2020 15:39:56 ------> sysbmfx.TelaLogin ------- Login com sucesso!
26/06/2020 15:40:01 ------> sysbmfx.MenuController ------- Clicado no botão cadastrar RGO!
26/06/2020 15:40:33 ------> sysbmfx.SYSBMFX ------- Aplicativo Iniciado!
26/06/2020 15:40:39 ------> sysbmfx.TelaLogin ------- Clicado no botão login
26/06/2020 15:40:39 ------> sysbmfx.TelaLogin ------- Login com sucesso!
26/06/2020 15:40:40 ------> sysbmfx.MenuController ------- Clicado no botão buscar ocorrencia!
26/06/2020 15:40:48 ------> sysbmfx.SYSBMFX ------- Aplicativo Iniciado!
26/06/2020 15:40:54 ------> sysbmfx.TelaLogin ------- Clicado no botão login
26/06/2020 15:40:55 ------> sysbmfx.TelaLogin ------- Login com sucesso!
26/06/2020 15:40:56 ------> sysbmfx.MenuController ------- Clicado no botão cadastrar RGO!
26/06/2020 15:42:22 ------> sysbmfx.SYSBMFX ------- Aplicativo Iniciado!
26/06/2020 15:42:30 ------> sysbmfx.TelaLogin ------- Clicado no botão login
26/06/2020 15:42:31 ------> sysbmfx.TelaLogin ------- Login com sucesso!
26/06/2020 15:42:32 ------> sysbmfx.MenuController ------- Clicado no botão cadastrar RGO!
26/06/2020 15:42:49 ------> sysbmfx.SYSBMFX ------- Aplicativo Iniciado!
26/06/2020 15:42:55 ------> sysbmfx.TelaLogin ------- Clicado no botão login
26/06/2020 15:42:55 ------> sysbmfx.TelaLogin ------- Login com sucesso!
26/06/2020 15:42:59 ------> sysbmfx.MenuController ------- Clicado no botão cadastrar RGO!
26/06/2020 15:44:02 ------> sysbmfx.SYSBMFX ------- Aplicativo Iniciado!
26/06/2020 15:50:43 ------> sysbmfx.SYSBMFX ------- Aplicativo Iniciado!
26/06/2020 15:50:51 ------> sysbmfx.TelaLogin ------- Clicado no botão login
26/06/2020 15:50:51 ------> sysbmfx.TelaLogin ------- Login com sucesso!
26/06/2020 15:50:53 ------> sysbmfx.MenuController ------- Clicado no botão cadastrar RGO!
26/06/2020 16:14:24 ------> sysbmfx.SYSBMFX ------- Aplicativo Iniciado!
26/06/2020 16:14:29 ------> sysbmfx.TelaLogin ------- Clicado no botão login
26/06/2020 16:14:30 ------> sysbmfx.TelaLogin ------- Usuario invalido!
26/06/2020 16:14:33 ------> sysbmfx.TelaLogin ------- Clicado no botão login
26/06/2020 16:14:33 ------> sysbmfx.TelaLogin ------- Login com sucesso!
26/06/2020 16:14:38 ------> sysbmfx.MenuController ------- Clicado no botão buscar ocorrencia!
26/06/2020 16:15:09 ------> sysbmfx.SYSBMFX ------- Aplicativo Iniciado!
26/06/2020 16:15:14 ------> sysbmfx.TelaLogin ------- Clicado no botão login
26/06/2020 16:15:15 ------> sysbmfx.TelaLogin ------- Login com sucesso!
26/06/2020 16:15:16 ------> sysbmfx.MenuController ------- Clicado no botão buscar ocorrencia!
26/06/2020 16:16:07 ------> sysbmfx.SYSBMFX ------- Aplicativo Iniciado!
26/06/2020 16:16:12 ------> sysbmfx.TelaLogin ------- Clicado no botão login
26/06/2020 16:16:13 ------> sysbmfx.TelaLogin ------- Usuario invalido!
26/06/2020 16:16:16 ------> sysbmfx.TelaLogin ------- Clicado no botão login
26/06/2020 16:16:16 ------> sysbmfx.TelaLogin ------- Login com sucesso!
26/06/2020 16:16:19 ------> sysbmfx.MenuController ------- Clicado no botão buscar ocorrencia!
26/06/2020 16:17:11 ------> sysbmfx.SYSBMFX ------- Aplicativo Iniciado!
26/06/2020 16:17:24 ------> sysbmfx.TelaLogin ------- Clicado no botão login
26/06/2020 16:17:24 ------> sysbmfx.TelaLogin ------- Login com sucesso!
26/06/2020 16:17:25 ------> sysbmfx.MenuController ------- Clicado no botão buscar ocorrencia!
26/06/2020 16:21:14 ------> sysbmfx.SYSBMFX ------- Aplicativo Iniciado!
26/06/2020 16:21:19 ------> sysbmfx.TelaLogin ------- Clicado no botão login
26/06/2020 16:21:19 ------> sysbmfx.TelaLogin ------- Usuario invalido!
26/06/2020 16:21:23 ------> sysbmfx.TelaLogin ------- Clicado no botão login
26/06/2020 16:21:23 ------> sysbmfx.TelaLogin ------- Login com sucesso!
26/06/2020 16:21:26 ------> sysbmfx.MenuController ------- Clicado no botão buscar ocorrencia!
26/06/2020 16:22:07 ------> sysbmfx.SYSBMFX ------- Aplicativo Iniciado!
26/06/2020 16:22:17 ------> sysbmfx.TelaLogin ------- Clicado no botão login
26/06/2020 16:22:18 ------> sysbmfx.TelaLogin ------- Login com sucesso!
26/06/2020 16:22:19 ------> sysbmfx.MenuController ------- Clicado no botão buscar ocorrencia!
26/06/2020 16:26:43 ------> sysbmfx.SYSBMFX ------- Aplicativo Iniciado!
26/06/2020 16:26:49 ------> sysbmfx.TelaLogin ------- Clicado no botão login
26/06/2020 16:26:49 ------> sysbmfx.TelaLogin ------- Login com sucesso!
26/06/2020 16:26:51 ------> sysbmfx.MenuController ------- Clicado no botão buscar ocorrencia!
26/06/2020 16:34:10 ------> sysbmfx.SYSBMFX ------- Aplicativo Iniciado!
26/06/2020 16:34:15 ------> sysbmfx.TelaLogin ------- Clicado no botão login
26/06/2020 16:34:15 ------> sysbmfx.TelaLogin ------- Login com sucesso!
26/06/2020 16:34:17 ------> sysbmfx.MenuController ------- Clicado no botão buscar ocorrencia!
26/06/2020 16:34:41 ------> sysbmfx.MenuController ------- Clicado no botão buscar ocorrencia!
